[debug] [2019-07-15T06:39:23.083Z] ----------------------------------------------------------------------
[debug] [2019-07-15T06:39:23.085Z] Command:       C:\Program Files\nodejs\node.exe C:\Users\ingaq\AppData\Roaming\npm\node_modules\firebase-tools\lib\bin\firebase.js deploy --only functions:matchPlayers
[debug] [2019-07-15T06:39:23.085Z] CLI Version:   7.0.2
[debug] [2019-07-15T06:39:23.085Z] Platform:      win32
[debug] [2019-07-15T06:39:23.085Z] Node Version:  v10.11.0
[debug] [2019-07-15T06:39:23.091Z] Time:          Mon Jul 15 2019 09:39:23 GMT+0300 (Eastern European Summer Time)
[debug] [2019-07-15T06:39:23.092Z] ----------------------------------------------------------------------
[debug] 
[debug] [2019-07-15T06:39:23.112Z] > command requires scopes: ["email","openid","https://www.googleapis.com/auth/cloudplatformprojects.readonly","https://www.googleapis.com/auth/firebase","https://www.googleapis.com/auth/cloud-platform"]
[debug] [2019-07-15T06:39:23.113Z] > authorizing via signed-in user
[debug] [2019-07-15T06:39:23.113Z] [iam] checking project projektas-50cb2 for permissions ["cloudfunctions.functions.create","cloudfunctions.functions.delete","cloudfunctions.functions.get","cloudfunctions.functions.list","cloudfunctions.functions.update","cloudfunctions.operations.get","firebase.projects.get"]
[debug] [2019-07-15T06:39:23.115Z] > refreshing access token with scopes: ["email","https://www.googleapis.com/auth/cloud-platform","https://www.googleapis.com/auth/cloudplatformprojects.readonly","https://www.googleapis.com/auth/firebase","openid"]
[debug] [2019-07-15T06:39:23.115Z] >>> HTTP REQUEST POST https://www.googleapis.com/oauth2/v3/token  
 <request body omitted>
[debug] [2019-07-15T06:39:23.387Z] <<< HTTP RESPONSE 200
[debug] [2019-07-15T06:39:23.401Z] >>> HTTP REQUEST POST https://cloudresourcemanager.googleapis.com/v1/projects/projektas-50cb2:testIamPermissions  

[debug] [2019-07-15T06:39:24.272Z] <<< HTTP RESPONSE 200
[info] 
[info] === Deploying to 'projektas-50cb2'...
[info] 
[info] i  deploying functions
[debug] [2019-07-15T06:39:28.786Z] > [functions] package.json contents: {
  "name": "functions",
  "description": "Cloud Functions for Firebase",
  "scripts": {
    "serve": "firebase serve --only functions",
    "shell": "firebase functions:shell",
    "start": "npm run shell",
    "deploy": "firebase deploy --only functions",
    "logs": "firebase functions:log"
  },
  "engines": {
    "node": "8"
  },
  "dependencies": {
    "cors": "^2.8.5",
    "firebase-admin": "^8.0.0",
    "firebase-functions": "^3.0.0",
    "mjml": "^4.4.0-beta.2",
    "nodemailer": "^6.2.1"
  },
  "devDependencies": {
    "firebase-functions-test": "^0.1.6"
  },
  "private": true
}
[info] i  functions: ensuring necessary APIs are enabled...
[debug] [2019-07-15T06:39:28.787Z] >>> HTTP REQUEST GET https://servicemanagement.googleapis.com/v1/services/cloudfunctions.googleapis.com/projectSettings/projektas-50cb2?view=CONSUMER_VIEW  
 
[debug] [2019-07-15T06:39:28.787Z] >>> HTTP REQUEST GET https://servicemanagement.googleapis.com/v1/services/runtimeconfig.googleapis.com/projectSettings/projektas-50cb2?view=CONSUMER_VIEW  
 
[debug] [2019-07-15T06:39:30.237Z] <<< HTTP RESPONSE 200
[info] +  functions: all necessary APIs are enabled
[debug] [2019-07-15T06:39:30.451Z] <<< HTTP RESPONSE 200
[debug] [2019-07-15T06:39:30.451Z] >>> HTTP REQUEST GET https://cloudresourcemanager.googleapis.com/v1/projects/projektas-50cb2  
 
[debug] [2019-07-15T06:39:31.282Z] <<< HTTP RESPONSE 200
[debug] [2019-07-15T06:39:31.282Z] >>> HTTP REQUEST GET https://mobilesdk-pa.googleapis.com/v1/projects/547805430882:getServerAppConfig  
 
[debug] [2019-07-15T06:39:31.616Z] <<< HTTP RESPONSE 200
[info] i  functions: preparing functions directory for uploading...
[debug] [2019-07-15T06:39:31.620Z] >>> HTTP REQUEST GET https://runtimeconfig.googleapis.com/v1beta1/projects/projektas-50cb2/configs  
 
[debug] [2019-07-15T06:39:31.980Z] <<< HTTP RESPONSE 200
[info] i  functions: packaged functions (60.51 KB) for uploading
[debug] [2019-07-15T06:39:32.584Z] >>> HTTP REQUEST POST https://cloudfunctions.googleapis.com/v1/projects/projektas-50cb2/locations/us-central1/functions:generateUploadUrl  
 
[debug] [2019-07-15T06:39:33.172Z] <<< HTTP RESPONSE 200
[debug] [2019-07-15T06:39:33.173Z] >>> HTTP REQUEST PUT https://storage.googleapis.com/gcf-upload-us-central1-42780e3b-05d2-4959-ade0-6ba8bdc2d931/54273f5d-06f1-45d5-8bef-38cee20924bb.zip?GoogleAccessId=service-547805430882@gcf-admin-robot.iam.gserviceaccount.com&Expires=1563174573&Signature=OL8N%2FkJx4TyE06tzlSnkAbRK14l8%2Fv8WMMAhVXcxX40mNJzU0EMDIfbDx6oNZTZvDhRRBuEZobBfCCyLTn%2FMEmNoh1zTdVo%2BLGxASw3WzEw0DlQ6H%2Fq9F4fT6dm2Q3cOjxErE%2Fcoa7iaMueG0rGb23hLRGLgboibnlIff6DS0YSndEoJR%2Byetzhv7P66P4pcm5wjaJ8EH%2B%2FtQyTLc36Y5IqHpkAB4JF9jevl41xfvwIJhQmUfijlQjvP4A98VjxUmIOnM7uENp%2BQNno%2BZWuJzhnNmMz1Znt25FsQdUtf5YvnIZ0nIkgAAmryry0qY1H2yFRQqe2tWTgFjtu%2B0Dmijw%3D%3D  

[debug] [2019-07-15T06:39:33.678Z] <<< HTTP RESPONSE 200
[info] +  functions: functions folder uploaded successfully
[debug] [2019-07-15T06:39:33.682Z] >>> HTTP REQUEST GET https://cloudfunctions.googleapis.com/v1/projects/projektas-50cb2/locations/-/functions  
 
[debug] [2019-07-15T06:39:34.203Z] <<< HTTP RESPONSE 200
[debug] [2019-07-15T06:39:34.205Z] > [functions] filtering triggers to: [
  "projects/projektas-50cb2/locations/us-central1/functions/matchPlayers"
]
[info] i  functions: current functions in project: matchPlayers(us-central1), sendGoodbyeMail(us-central1), sendWelcomeMail(us-central1)
[info] i  functions: uploading functions in project: matchPlayers(us-central1)
[info] i  functions: updating Node.js 8 function matchPlayers(us-central1)...
[debug] [2019-07-15T06:39:34.219Z] Trigger is:  {"eventTrigger":{"resource":"projects/projektas-50cb2/databases/(default)/documents/rooms/{roomId}","eventType":"providers/cloud.firestore/eventTypes/document.update","service":"firestore.googleapis.com"}}
[debug] [2019-07-15T06:39:34.223Z] >>> HTTP REQUEST GET https://servicemanagement.googleapis.com/v1/services/cloudscheduler.googleapis.com/projectSettings/projektas-50cb2?view=CONSUMER_VIEW  
 
[debug] [2019-07-15T06:39:35.528Z] <<< HTTP RESPONSE 200
[debug] [2019-07-15T06:39:35.530Z] >>> HTTP REQUEST PATCH https://cloudfunctions.googleapis.com/v1/projects/projektas-50cb2/locations/us-central1/functions/matchPlayers {"updateMask":"sourceUploadUrl,name,labels,runtime,eventTrigger.resource,eventTrigger.eventType,eventTrigger.service"} 

[debug] [2019-07-15T06:39:36.222Z] <<< HTTP RESPONSE 200
[debug] [2019-07-15T06:39:36.225Z] >>> HTTP REQUEST GET https://cloudfunctions.googleapis.com/v1/operations/cHJvamVrdGFzLTUwY2IyL3VzLWNlbnRyYWwxL21hdGNoUGxheWVycy8zeEVWYklqS01aRQ  
 
[debug] [2019-07-15T06:39:36.507Z] <<< HTTP RESPONSE 200
